<?xml version="1.0" encoding="UTF-8"?>
<testsuite xmlns:xsi="http://www.w3.org/2001/XMLSchema-instance" xsi:noNamespaceSchemaLocation="https://maven.apache.org/surefire/maven-surefire-plugin/xsd/surefire-test-report-3.0.xsd" version="3.0" name="de.travelbroker.TravelBrokerIntegrationTest" time="51.025" tests="5" errors="0" skipped="0" failures="0">
  <properties>
[...]
</properties>
  <testcase name="testManyBookingsInParallel" classname="de.travelbroker.TravelBrokerIntegrationTest" time="45.31">
    <system-out><![CDATA[🔧 Starte HotelServices...
✅ Konfiguration geladen aus: src/main/resources/config.json
Hotel-A is running on port 5556 with failure simulation...
✅ Konfiguration geladen aus: src/main/resources/config.json
Hotel-B is running on port 5557 with failure simulation...
✅ Konfiguration geladen aus: src/main/resources/config.json
Hotel-C is running on port 5558 with failure simulation...
🔧 Starte TravelBroker...
✅ Konfiguration geladen aus: src/main/resources/config.json
[2025-05-05 10:20:42] 🧠 TravelBroker bereit und wartet auf Anfragen auf Port 5569...
✅ Setup abgeschlossen.
➡️  [User2] Sende Buchung: User2:Hotel-A,Hotel-B,Hotel-C
➡️  [User4] Sende Buchung: User4:Hotel-A,Hotel-B,Hotel-C
➡️  [User1] Sende Buchung: User1:Hotel-A,Hotel-B,Hotel-C
➡️  [User5] Sende Buchung: User5:Hotel-A,Hotel-B,Hotel-C
➡️  [User3] Sende Buchung: User3:Hotel-A,Hotel-B,Hotel-C
➡️  [User9] Sende Buchung: User9:Hotel-A,Hotel-B,Hotel-C
➡️  [User7] Sende Buchung: User7:Hotel-A,Hotel-B,Hotel-C
➡️  [User6] Sende Buchung: User6:Hotel-A,Hotel-B,Hotel-C
➡️  [User8] Sende Buchung: User8:Hotel-A,Hotel-B,Hotel-C
➡️  [User10] Sende Buchung: User10:Hotel-A,Hotel-B,Hotel-C
[2025-05-05 10:20:45] 📬 Anfrage empfangen: User2:Hotel-A,Hotel-B,Hotel-C
[2025-05-05 10:20:45] 🔁 [Retry 1/3] für Hotel-A
[2025-05-05 10:20:45] ⏳ Sende Buchungsanfrage an Hotel-A
[2025-05-05 10:20:45] 🕒 Warte auf Antwort von Hotel-A (max. 1500ms)...
📨 [Hotel-A] received: {"timeBlocks":[28,29],"action":"book","bookingId":"User2_Hotel-A"}
🔍 [Hotel-A] Zufallswert (Fehlersimulation): 0.8037405311432051
✅ [Hotel-A] Prüfe Verfügbarkeit der Zeitblöcke...
✅ [Hotel-A] Booking successful for: User2_Hotel-A
[2025-05-05 10:20:45] ✅ Bestätigt von Hotel-A
[2025-05-05 10:20:45] 🔁 [Retry 1/3] für Hotel-B
[2025-05-05 10:20:45] ⏳ Sende Buchungsanfrage an Hotel-B
[2025-05-05 10:20:45] 🕒 Warte auf Antwort von Hotel-B (max. 1500ms)...
📨 [Hotel-B] received: {"timeBlocks":[28,29],"action":"book","bookingId":"User2_Hotel-B"}
🔍 [Hotel-B] Zufallswert (Fehlersimulation): 0.4763284353681929
✅ [Hotel-B] Prüfe Verfügbarkeit der Zeitblöcke...
✅ [Hotel-B] Booking successful for: User2_Hotel-B
[2025-05-05 10:20:46] ✅ Bestätigt von Hotel-B
[2025-05-05 10:20:46] 🔁 [Retry 1/3] für Hotel-C
[2025-05-05 10:20:46] ⏳ Sende Buchungsanfrage an Hotel-C
[2025-05-05 10:20:46] 🕒 Warte auf Antwort von Hotel-C (max. 1500ms)...
📨 [Hotel-C] received: {"timeBlocks":[28,29],"action":"book","bookingId":"User2_Hotel-C"}
🔍 [Hotel-C] Zufallswert (Fehlersimulation): 0.42206799366324255
✅ [Hotel-C] Prüfe Verfügbarkeit der Zeitblöcke...
✅ [Hotel-C] Booking successful for: User2_Hotel-C
[2025-05-05 10:20:47] ✅ Bestätigt von Hotel-C
[2025-05-05 10:20:47] 📊 Booking Summary:
⬅️  [User2] Antwort: Buchung erfolgreich für User2
[2025-05-05 10:20:47] Total Requests: 1
[2025-05-05 10:20:47] ✅ Successful:   1
[2025-05-05 10:20:47] ❌ Failed:       0
[2025-05-05 10:20:47] Success Rate:   100%
[2025-05-05 10:20:47] 📬 Anfrage empfangen: User10:Hotel-A,Hotel-B,Hotel-C
[2025-05-05 10:20:47] 🔁 [Retry 1/3] für Hotel-A
[2025-05-05 10:20:47] ⏳ Sende Buchungsanfrage an Hotel-A
[2025-05-05 10:20:47] 🕒 Warte auf Antwort von Hotel-A (max. 1500ms)...
📨 [Hotel-A] received: {"timeBlocks":[66,67],"action":"book","bookingId":"User10_Hotel-A"}
🔍 [Hotel-A] Zufallswert (Fehlersimulation): 0.7505429571817739
✅ [Hotel-A] Prüfe Verfügbarkeit der Zeitblöcke...
✅ [Hotel-A] Booking successful for: User10_Hotel-A
[2025-05-05 10:20:47] ✅ Bestätigt von Hotel-A
[2025-05-05 10:20:47] 🔁 [Retry 1/3] für Hotel-B
[2025-05-05 10:20:47] ⏳ Sende Buchungsanfrage an Hotel-B
[2025-05-05 10:20:47] 🕒 Warte auf Antwort von Hotel-B (max. 1500ms)...
📨 [Hotel-B] received: {"timeBlocks":[66,67],"action":"book","bookingId":"User10_Hotel-B"}
🔍 [Hotel-B] Zufallswert (Fehlersimulation): 0.06267309222135975
⚠️ [Hotel-B] Simulated drop: process without confirmation.
[2025-05-05 10:20:48] ⚠️ Antwort von Hotel-B: dropped – wird ignoriert, retry folgt.
[2025-05-05 10:20:48] 🔁 [Retry 2/3] für Hotel-B
[2025-05-05 10:20:48] ⏳ Sende Buchungsanfrage an Hotel-B
[2025-05-05 10:20:48] 🕒 Warte auf Antwort von Hotel-B (max. 1500ms)...
📨 [Hotel-B] received: {"timeBlocks":[66,67],"action":"book","bookingId":"User10_Hotel-B"}
🔍 [Hotel-B] Zufallswert (Fehlersimulation): 0.019974083947054355
⚠️ [Hotel-B] Simulated drop: process without confirmation.
[2025-05-05 10:20:48] ⚠️ Antwort von Hotel-B: dropped – wird ignoriert, retry folgt.
[2025-05-05 10:20:48] 🔁 [Retry 3/3] für Hotel-B
[2025-05-05 10:20:48] ⏳ Sende Buchungsanfrage an Hotel-B
[2025-05-05 10:20:48] 🕒 Warte auf Antwort von Hotel-B (max. 1500ms)...
📨 [Hotel-B] received: {"timeBlocks":[66,67],"action":"book","bookingId":"User10_Hotel-B"}
🔍 [Hotel-B] Zufallswert (Fehlersimulation): 0.5355558482358597
✅ [Hotel-B] Prüfe Verfügbarkeit der Zeitblöcke...
✅ [Hotel-B] Booking successful for: User10_Hotel-B
[2025-05-05 10:20:48] ✅ Bestätigt von Hotel-B
[2025-05-05 10:20:48] 🔁 [Retry 1/3] für Hotel-C
[2025-05-05 10:20:48] ⏳ Sende Buchungsanfrage an Hotel-C
[2025-05-05 10:20:48] 🕒 Warte auf Antwort von Hotel-C (max. 1500ms)...
📨 [Hotel-C] received: {"timeBlocks":[66,67],"action":"book","bookingId":"User10_Hotel-C"}
🔍 [Hotel-C] Zufallswert (Fehlersimulation): 0.5283957123187581
✅ [Hotel-C] Prüfe Verfügbarkeit der Zeitblöcke...
✅ [Hotel-C] Booking successful for: User10_Hotel-C
[2025-05-05 10:20:48] ✅ Bestätigt von Hotel-C
[2025-05-05 10:20:48] 📊 Booking Summary:
[2025-05-05 10:20:48] Total Requests: 2
[2025-05-05 10:20:48] ✅ Successful:   2
[2025-05-05 10:20:48] ❌ Failed:       0
[2025-05-05 10:20:48] Success Rate:   100%
[2025-05-05 10:20:48] 📬 Anfrage empfangen: User7:Hotel-A,Hotel-B,Hotel-C
[2025-05-05 10:20:48] 🔁 [Retry 1/3] für Hotel-A
[2025-05-05 10:20:48] ⏳ Sende Buchungsanfrage an Hotel-A
⬅️  [User10] Antwort: Buchung erfolgreich für User10
[2025-05-05 10:20:48] 🕒 Warte auf Antwort von Hotel-A (max. 1500ms)...
📨 [Hotel-A] received: {"timeBlocks":[19,20],"action":"book","bookingId":"User7_Hotel-A"}
🔍 [Hotel-A] Zufallswert (Fehlersimulation): 0.3488022593235939
✅ [Hotel-A] Prüfe Verfügbarkeit der Zeitblöcke...
✅ [Hotel-A] Booking successful for: User7_Hotel-A
[2025-05-05 10:20:49] ✅ Bestätigt von Hotel-A
[2025-05-05 10:20:49] 🔁 [Retry 1/3] für Hotel-B
[2025-05-05 10:20:49] ⏳ Sende Buchungsanfrage an Hotel-B
[2025-05-05 10:20:49] 🕒 Warte auf Antwort von Hotel-B (max. 1500ms)...
📨 [Hotel-B] received: {"timeBlocks":[19,20],"action":"book","bookingId":"User7_Hotel-B"}
🔍 [Hotel-B] Zufallswert (Fehlersimulation): 0.14543988942953467
✅ [Hotel-B] Prüfe Verfügbarkeit der Zeitblöcke...
✅ [Hotel-B] Booking successful for: User7_Hotel-B
[2025-05-05 10:20:49] ✅ Bestätigt von Hotel-B
[2025-05-05 10:20:49] 🔁 [Retry 1/3] für Hotel-C
[2025-05-05 10:20:49] ⏳ Sende Buchungsanfrage an Hotel-C
[2025-05-05 10:20:49] 🕒 Warte auf Antwort von Hotel-C (max. 1500ms)...
📨 [Hotel-C] received: {"timeBlocks":[19,20],"action":"book","bookingId":"User7_Hotel-C"}
🔍 [Hotel-C] Zufallswert (Fehlersimulation): 0.9107593957160288
✅ [Hotel-C] Prüfe Verfügbarkeit der Zeitblöcke...
✅ [Hotel-C] Booking successful for: User7_Hotel-C
[2025-05-05 10:20:49] ✅ Bestätigt von Hotel-C
[2025-05-05 10:20:49] 📊 Booking Summary:
[2025-05-05 10:20:49] Total Requests: 3
[2025-05-05 10:20:49] ✅ Successful:   3
[2025-05-05 10:20:49] ❌ Failed:       0
[2025-05-05 10:20:49] Success Rate:   100%
[2025-05-05 10:20:49] 📬 Anfrage empfangen: User1:Hotel-A,Hotel-B,Hotel-C
[2025-05-05 10:20:49] 🔁 [Retry 1/3] für Hotel-A
[2025-05-05 10:20:49] ⏳ Sende Buchungsanfrage an Hotel-A
⬅️  [User7] Antwort: Buchung erfolgreich für User7
[2025-05-05 10:20:49] 🕒 Warte auf Antwort von Hotel-A (max. 1500ms)...
📨 [Hotel-A] received: {"timeBlocks":[26,27],"action":"book","bookingId":"User1_Hotel-A"}
🔍 [Hotel-A] Zufallswert (Fehlersimulation): 0.3992380094486887
✅ [Hotel-A] Prüfe Verfügbarkeit der Zeitblöcke...
✅ [Hotel-A] Booking successful for: User1_Hotel-A
[2025-05-05 10:20:50] ✅ Bestätigt von Hotel-A
[2025-05-05 10:20:50] 🔁 [Retry 1/3] für Hotel-B
[2025-05-05 10:20:50] ⏳ Sende Buchungsanfrage an Hotel-B
[2025-05-05 10:20:50] 🕒 Warte auf Antwort von Hotel-B (max. 1500ms)...
📨 [Hotel-B] received: {"timeBlocks":[26,27],"action":"book","bookingId":"User1_Hotel-B"}
🔍 [Hotel-B] Zufallswert (Fehlersimulation): 0.6374295208019057
✅ [Hotel-B] Prüfe Verfügbarkeit der Zeitblöcke...
✅ [Hotel-B] Booking successful for: User1_Hotel-B
[2025-05-05 10:20:50] ✅ Bestätigt von Hotel-B
[2025-05-05 10:20:50] 🔁 [Retry 1/3] für Hotel-C
[2025-05-05 10:20:50] ⏳ Sende Buchungsanfrage an Hotel-C
[2025-05-05 10:20:50] 🕒 Warte auf Antwort von Hotel-C (max. 1500ms)...
📨 [Hotel-C] received: {"timeBlocks":[26,27],"action":"book","bookingId":"User1_Hotel-C"}
🔍 [Hotel-C] Zufallswert (Fehlersimulation): 0.8107510014423676
✅ [Hotel-C] Prüfe Verfügbarkeit der Zeitblöcke...
✅ [Hotel-C] Booking successful for: User1_Hotel-C
[2025-05-05 10:20:50] ✅ Bestätigt von Hotel-C
[2025-05-05 10:20:50] 📊 Booking Summary:
[2025-05-05 10:20:50] Total Requests: 4
[2025-05-05 10:20:50] ✅ Successful:   4
[2025-05-05 10:20:50] ❌ Failed:       0
[2025-05-05 10:20:50] Success Rate:   100%
[2025-05-05 10:20:50] 📬 Anfrage empfangen: User9:Hotel-A,Hotel-B,Hotel-C
[2025-05-05 10:20:50] 🔁 [Retry 1/3] für Hotel-A
[2025-05-05 10:20:50] ⏳ Sende Buchungsanfrage an Hotel-A
⬅️  [User1] Antwort: Buchung erfolgreich für User1
[2025-05-05 10:20:50] 🕒 Warte auf Antwort von Hotel-A (max. 1500ms)...
📨 [Hotel-A] received: {"timeBlocks":[25,26],"action":"book","bookingId":"User9_Hotel-A"}
🔍 [Hotel-A] Zufallswert (Fehlersimulation): 0.01970979668313033
⚠️ [Hotel-A] Simulated drop: process without confirmation.
[2025-05-05 10:21:21] ⚠️ Antwort von Hotel-A: dropped – wird ignoriert, retry folgt.
[2025-05-05 10:21:21] 🔁 [Retry 2/3] für Hotel-A
[2025-05-05 10:21:21] ⏳ Sende Buchungsanfrage an Hotel-A
[2025-05-05 10:21:21] 🕒 Warte auf Antwort von Hotel-A (max. 1500ms)...
📨 [Hotel-A] received: {"timeBlocks":[25,26],"action":"book","bookingId":"User9_Hotel-A"}
🔍 [Hotel-A] Zufallswert (Fehlersimulation): 0.7839206777383028
✅ [Hotel-A] Prüfe Verfügbarkeit der Zeitblöcke...
✅ [Hotel-A] Booking successful for: User9_Hotel-A
[2025-05-05 10:21:21] ✅ Bestätigt von Hotel-A
[2025-05-05 10:21:21] 🔁 [Retry 1/3] für Hotel-B
[2025-05-05 10:21:21] ⏳ Sende Buchungsanfrage an Hotel-B
[2025-05-05 10:21:21] 🕒 Warte auf Antwort von Hotel-B (max. 1500ms)...
📨 [Hotel-B] received: {"timeBlocks":[25,26],"action":"book","bookingId":"User9_Hotel-B"}
🔍 [Hotel-B] Zufallswert (Fehlersimulation): 0.6585570338588752
✅ [Hotel-B] Prüfe Verfügbarkeit der Zeitblöcke...
✅ [Hotel-B] Booking successful for: User9_Hotel-B
[2025-05-05 10:21:21] ✅ Bestätigt von Hotel-B
[2025-05-05 10:21:21] 🔁 [Retry 1/3] für Hotel-C
[2025-05-05 10:21:21] ⏳ Sende Buchungsanfrage an Hotel-C
[2025-05-05 10:21:21] 🕒 Warte auf Antwort von Hotel-C (max. 1500ms)...
📨 [Hotel-C] received: {"timeBlocks":[25,26],"action":"book","bookingId":"User9_Hotel-C"}
🔍 [Hotel-C] Zufallswert (Fehlersimulation): 0.014067298134170958
⚠️ [Hotel-C] Simulated drop: process without confirmation.
[2025-05-05 10:21:22] ⚠️ Antwort von Hotel-C: dropped – wird ignoriert, retry folgt.
[2025-05-05 10:21:22] 🔁 [Retry 2/3] für Hotel-C
[2025-05-05 10:21:22] ⏳ Sende Buchungsanfrage an Hotel-C
[2025-05-05 10:21:22] 🕒 Warte auf Antwort von Hotel-C (max. 1500ms)...
📨 [Hotel-C] received: {"timeBlocks":[25,26],"action":"book","bookingId":"User9_Hotel-C"}
🔍 [Hotel-C] Zufallswert (Fehlersimulation): 0.5816398006213934
✅ [Hotel-C] Prüfe Verfügbarkeit der Zeitblöcke...
❌ [Hotel-C] No rooms available for: User9_Hotel-C
[2025-05-05 10:21:22] ❌ Buchung abgelehnt von Hotel-C
📨 [Hotel-A] received: {"action":"cancel","bookingId":"User9_Hotel-A"}
🔁 Rollback erfolgreich für User9_Hotel-A
[2025-05-05 10:21:23] ↩️ Rollback gesendet an Hotel-A
📨 [Hotel-B] received: {"action":"cancel","bookingId":"User9_Hotel-B"}
🔁 Rollback erfolgreich für User9_Hotel-B
[2025-05-05 10:21:23] ↩️ Rollback gesendet an Hotel-B
[2025-05-05 10:21:23] 📊 Booking Summary:
[2025-05-05 10:21:23] Total Requests: 5
⬅️  [User9] Antwort: Buchung fehlgeschlagen für User9
[2025-05-05 10:21:23] ✅ Successful:   4
[2025-05-05 10:21:23] ❌ Failed:       1
[2025-05-05 10:21:23] Success Rate:   80%
[2025-05-05 10:21:23] 📬 Anfrage empfangen: User5:Hotel-A,Hotel-B,Hotel-C
[2025-05-05 10:21:23] 🔁 [Retry 1/3] für Hotel-A
[2025-05-05 10:21:23] ⏳ Sende Buchungsanfrage an Hotel-A
[2025-05-05 10:21:23] 🕒 Warte auf Antwort von Hotel-A (max. 1500ms)...
📨 [Hotel-A] received: {"timeBlocks":[45,46],"action":"book","bookingId":"User5_Hotel-A"}
🔍 [Hotel-A] Zufallswert (Fehlersimulation): 0.6118060278972691
✅ [Hotel-A] Prüfe Verfügbarkeit der Zeitblöcke...
✅ [Hotel-A] Booking successful for: User5_Hotel-A
[2025-05-05 10:21:23] ✅ Bestätigt von Hotel-A
[2025-05-05 10:21:23] 🔁 [Retry 1/3] für Hotel-B
[2025-05-05 10:21:23] ⏳ Sende Buchungsanfrage an Hotel-B
[2025-05-05 10:21:23] 🕒 Warte auf Antwort von Hotel-B (max. 1500ms)...
📨 [Hotel-B] received: {"timeBlocks":[45,46],"action":"book","bookingId":"User5_Hotel-B"}
🔍 [Hotel-B] Zufallswert (Fehlersimulation): 0.5333452540446953
✅ [Hotel-B] Prüfe Verfügbarkeit der Zeitblöcke...
✅ [Hotel-B] Booking successful for: User5_Hotel-B
[2025-05-05 10:21:24] ✅ Bestätigt von Hotel-B
[2025-05-05 10:21:24] 🔁 [Retry 1/3] für Hotel-C
[2025-05-05 10:21:24] ⏳ Sende Buchungsanfrage an Hotel-C
[2025-05-05 10:21:24] 🕒 Warte auf Antwort von Hotel-C (max. 1500ms)...
📨 [Hotel-C] received: {"timeBlocks":[45,46],"action":"book","bookingId":"User5_Hotel-C"}
🔍 [Hotel-C] Zufallswert (Fehlersimulation): 0.7032002960944104
✅ [Hotel-C] Prüfe Verfügbarkeit der Zeitblöcke...
✅ [Hotel-C] Booking successful for: User5_Hotel-C
[2025-05-05 10:21:24] ✅ Bestätigt von Hotel-C
[2025-05-05 10:21:24] 📊 Booking Summary:
[2025-05-05 10:21:24] Total Requests: 6
[2025-05-05 10:21:24] ✅ Successful:   5
[2025-05-05 10:21:24] ❌ Failed:       1
[2025-05-05 10:21:24] Success Rate:   83%
⬅️  [User5] Antwort: Buchung erfolgreich für User5
[2025-05-05 10:21:24] 📬 Anfrage empfangen: User6:Hotel-A,Hotel-B,Hotel-C
[2025-05-05 10:21:24] 🔁 [Retry 1/3] für Hotel-A
[2025-05-05 10:21:24] ⏳ Sende Buchungsanfrage an Hotel-A
[2025-05-05 10:21:24] 🕒 Warte auf Antwort von Hotel-A (max. 1500ms)...
📨 [Hotel-A] received: {"timeBlocks":[37,38],"action":"book","bookingId":"User6_Hotel-A"}
🔍 [Hotel-A] Zufallswert (Fehlersimulation): 0.17176324236328433
✅ [Hotel-A] Prüfe Verfügbarkeit der Zeitblöcke...
✅ [Hotel-A] Booking successful for: User6_Hotel-A
[2025-05-05 10:21:25] ✅ Bestätigt von Hotel-A
[2025-05-05 10:21:25] 🔁 [Retry 1/3] für Hotel-B
[2025-05-05 10:21:25] ⏳ Sende Buchungsanfrage an Hotel-B
[2025-05-05 10:21:25] 🕒 Warte auf Antwort von Hotel-B (max. 1500ms)...
📨 [Hotel-B] received: {"timeBlocks":[37,38],"action":"book","bookingId":"User6_Hotel-B"}
🔍 [Hotel-B] Zufallswert (Fehlersimulation): 0.2766117137071189
✅ [Hotel-B] Prüfe Verfügbarkeit der Zeitblöcke...
✅ [Hotel-B] Booking successful for: User6_Hotel-B
[2025-05-05 10:21:25] ✅ Bestätigt von Hotel-B
[2025-05-05 10:21:25] 🔁 [Retry 1/3] für Hotel-C
[2025-05-05 10:21:25] ⏳ Sende Buchungsanfrage an Hotel-C
[2025-05-05 10:21:25] 🕒 Warte auf Antwort von Hotel-C (max. 1500ms)...
📨 [Hotel-C] received: {"timeBlocks":[37,38],"action":"book","bookingId":"User6_Hotel-C"}
🔍 [Hotel-C] Zufallswert (Fehlersimulation): 0.20212129961103942
✅ [Hotel-C] Prüfe Verfügbarkeit der Zeitblöcke...
✅ [Hotel-C] Booking successful for: User6_Hotel-C
[2025-05-05 10:21:25] ✅ Bestätigt von Hotel-C
[2025-05-05 10:21:25] 📊 Booking Summary:
[2025-05-05 10:21:25] Total Requests: 7
[2025-05-05 10:21:25] ✅ Successful:   6
[2025-05-05 10:21:25] ❌ Failed:       1
⬅️  [User6] Antwort: Buchung erfolgreich für User6
[2025-05-05 10:21:25] Success Rate:   85%
[2025-05-05 10:21:25] 📬 Anfrage empfangen: User8:Hotel-A,Hotel-B,Hotel-C
[2025-05-05 10:21:25] 🔁 [Retry 1/3] für Hotel-A
[2025-05-05 10:21:25] ⏳ Sende Buchungsanfrage an Hotel-A
[2025-05-05 10:21:25] 🕒 Warte auf Antwort von Hotel-A (max. 1500ms)...
📨 [Hotel-A] received: {"timeBlocks":[42,43],"action":"book","bookingId":"User8_Hotel-A"}
🔍 [Hotel-A] Zufallswert (Fehlersimulation): 0.6339185663145374
✅ [Hotel-A] Prüfe Verfügbarkeit der Zeitblöcke...
✅ [Hotel-A] Booking successful for: User8_Hotel-A
[2025-05-05 10:21:25] ✅ Bestätigt von Hotel-A
[2025-05-05 10:21:25] 🔁 [Retry 1/3] für Hotel-B
[2025-05-05 10:21:25] ⏳ Sende Buchungsanfrage an Hotel-B
[2025-05-05 10:21:25] 🕒 Warte auf Antwort von Hotel-B (max. 1500ms)...
📨 [Hotel-B] received: {"timeBlocks":[42,43],"action":"book","bookingId":"User8_Hotel-B"}
🔍 [Hotel-B] Zufallswert (Fehlersimulation): 0.5401280477499675
✅ [Hotel-B] Prüfe Verfügbarkeit der Zeitblöcke...
✅ [Hotel-B] Booking successful for: User8_Hotel-B
[2025-05-05 10:21:26] ✅ Bestätigt von Hotel-B
[2025-05-05 10:21:26] 🔁 [Retry 1/3] für Hotel-C
[2025-05-05 10:21:26] ⏳ Sende Buchungsanfrage an Hotel-C
[2025-05-05 10:21:26] 🕒 Warte auf Antwort von Hotel-C (max. 1500ms)...
📨 [Hotel-C] received: {"timeBlocks":[42,43],"action":"book","bookingId":"User8_Hotel-C"}
🔍 [Hotel-C] Zufallswert (Fehlersimulation): 0.13753981296368056
✅ [Hotel-C] Prüfe Verfügbarkeit der Zeitblöcke...
✅ [Hotel-C] Booking successful for: User8_Hotel-C
[2025-05-05 10:21:26] ✅ Bestätigt von Hotel-C
[2025-05-05 10:21:26] 📊 Booking Summary:
[2025-05-05 10:21:26] Total Requests: 8
[2025-05-05 10:21:26] ✅ Successful:   7
[2025-05-05 10:21:26] ❌ Failed:       1
⬅️  [User8] Antwort: Buchung erfolgreich für User8
[2025-05-05 10:21:26] Success Rate:   87%
[2025-05-05 10:21:26] 📬 Anfrage empfangen: User3:Hotel-A,Hotel-B,Hotel-C
[2025-05-05 10:21:26] 🔁 [Retry 1/3] für Hotel-A
[2025-05-05 10:21:26] ⏳ Sende Buchungsanfrage an Hotel-A
[2025-05-05 10:21:26] 🕒 Warte auf Antwort von Hotel-A (max. 1500ms)...
📨 [Hotel-A] received: {"timeBlocks":[48,49],"action":"book","bookingId":"User3_Hotel-A"}
🔍 [Hotel-A] Zufallswert (Fehlersimulation): 0.5470975043918933
✅ [Hotel-A] Prüfe Verfügbarkeit der Zeitblöcke...
✅ [Hotel-A] Booking successful for: User3_Hotel-A
[2025-05-05 10:21:27] ✅ Bestätigt von Hotel-A
[2025-05-05 10:21:27] 🔁 [Retry 1/3] für Hotel-B
[2025-05-05 10:21:27] ⏳ Sende Buchungsanfrage an Hotel-B
[2025-05-05 10:21:27] 🕒 Warte auf Antwort von Hotel-B (max. 1500ms)...
📨 [Hotel-B] received: {"timeBlocks":[48,49],"action":"book","bookingId":"User3_Hotel-B"}
🔍 [Hotel-B] Zufallswert (Fehlersimulation): 0.9635943989506944
✅ [Hotel-B] Prüfe Verfügbarkeit der Zeitblöcke...
✅ [Hotel-B] Booking successful for: User3_Hotel-B
[2025-05-05 10:21:27] ✅ Bestätigt von Hotel-B
[2025-05-05 10:21:27] 🔁 [Retry 1/3] für Hotel-C
[2025-05-05 10:21:27] ⏳ Sende Buchungsanfrage an Hotel-C
[2025-05-05 10:21:27] 🕒 Warte auf Antwort von Hotel-C (max. 1500ms)...
📨 [Hotel-C] received: {"timeBlocks":[48,49],"action":"book","bookingId":"User3_Hotel-C"}
🔍 [Hotel-C] Zufallswert (Fehlersimulation): 0.7239609743327403
✅ [Hotel-C] Prüfe Verfügbarkeit der Zeitblöcke...
✅ [Hotel-C] Booking successful for: User3_Hotel-C
[2025-05-05 10:21:28] ✅ Bestätigt von Hotel-C
[2025-05-05 10:21:28] 📊 Booking Summary:
[2025-05-05 10:21:28] Total Requests: 9
[2025-05-05 10:21:28] ✅ Successful:   8
[2025-05-05 10:21:28] ❌ Failed:       1
[2025-05-05 10:21:28] Success Rate:   88%
[2025-05-05 10:21:28] 📬 Anfrage empfangen: User4:Hotel-A,Hotel-B,Hotel-C
[2025-05-05 10:21:28] 🔁 [Retry 1/3] für Hotel-A
[2025-05-05 10:21:28] ⏳ Sende Buchungsanfrage an Hotel-A
[2025-05-05 10:21:28] 🕒 Warte auf Antwort von Hotel-A (max. 1500ms)...
⬅️  [User3] Antwort: Buchung erfolgreich für User3
📨 [Hotel-A] received: {"timeBlocks":[48,49],"action":"book","bookingId":"User4_Hotel-A"}
🔍 [Hotel-A] Zufallswert (Fehlersimulation): 0.2687414553395151
✅ [Hotel-A] Prüfe Verfügbarkeit der Zeitblöcke...
✅ [Hotel-A] Booking successful for: User4_Hotel-A
[2025-05-05 10:21:29] ✅ Bestätigt von Hotel-A
[2025-05-05 10:21:29] 🔁 [Retry 1/3] für Hotel-B
[2025-05-05 10:21:29] ⏳ Sende Buchungsanfrage an Hotel-B
[2025-05-05 10:21:29] 🕒 Warte auf Antwort von Hotel-B (max. 1500ms)...
📨 [Hotel-B] received: {"timeBlocks":[48,49],"action":"book","bookingId":"User4_Hotel-B"}
🔍 [Hotel-B] Zufallswert (Fehlersimulation): 0.5192200406928558
✅ [Hotel-B] Prüfe Verfügbarkeit der Zeitblöcke...
✅ [Hotel-B] Booking successful for: User4_Hotel-B
[2025-05-05 10:21:29] ✅ Bestätigt von Hotel-B
[2025-05-05 10:21:29] 🔁 [Retry 1/3] für Hotel-C
[2025-05-05 10:21:29] ⏳ Sende Buchungsanfrage an Hotel-C
[2025-05-05 10:21:29] 🕒 Warte auf Antwort von Hotel-C (max. 1500ms)...
📨 [Hotel-C] received: {"timeBlocks":[48,49],"action":"book","bookingId":"User4_Hotel-C"}
🔍 [Hotel-C] Zufallswert (Fehlersimulation): 0.841888426977547
✅ [Hotel-C] Prüfe Verfügbarkeit der Zeitblöcke...
❌ [Hotel-C] No rooms available for: User4_Hotel-C
[2025-05-05 10:21:29] ❌ Buchung abgelehnt von Hotel-C
📨 [Hotel-A] received: {"action":"cancel","bookingId":"User4_Hotel-A"}
🔁 Rollback erfolgreich für User4_Hotel-A
[2025-05-05 10:21:30] ↩️ Rollback gesendet an Hotel-A
📨 [Hotel-B] received: {"action":"cancel","bookingId":"User4_Hotel-B"}
🔁 Rollback erfolgreich für User4_Hotel-B
[2025-05-05 10:21:30] ↩️ Rollback gesendet an Hotel-B
[2025-05-05 10:21:30] 📊 Booking Summary:
[2025-05-05 10:21:30] Total Requests: 10
[2025-05-05 10:21:30] ✅ Successful:   8
[2025-05-05 10:21:30] ❌ Failed:       2
[2025-05-05 10:21:30] Success Rate:   80%
⬅️  [User4] Antwort: Buchung fehlgeschlagen für User4
]]></system-out>
  </testcase>
  <testcase name="testValidBookingWithRepeatsNotConsecutive" classname="de.travelbroker.TravelBrokerIntegrationTest" time="0.391">
    <system-out><![CDATA[➡️  [Clara] Sende Buchung: Clara:Hotel-C,Hotel-A,Hotel-C
[2025-05-05 10:21:30] 📬 Anfrage empfangen: Clara:Hotel-C,Hotel-A,Hotel-C
[2025-05-05 10:21:30] 🔁 [Retry 1/3] für Hotel-C
[2025-05-05 10:21:30] ⏳ Sende Buchungsanfrage an Hotel-C
[2025-05-05 10:21:30] 🕒 Warte auf Antwort von Hotel-C (max. 1500ms)...
📨 [Hotel-C] received: {"timeBlocks":[59,60],"action":"book","bookingId":"Clara_Hotel-C"}
🔍 [Hotel-C] Zufallswert (Fehlersimulation): 0.42841913385837926
✅ [Hotel-C] Prüfe Verfügbarkeit der Zeitblöcke...
✅ [Hotel-C] Booking successful for: Clara_Hotel-C
[2025-05-05 10:21:30] ✅ Bestätigt von Hotel-C
[2025-05-05 10:21:30] 🔁 [Retry 1/3] für Hotel-A
[2025-05-05 10:21:30] ⏳ Sende Buchungsanfrage an Hotel-A
[2025-05-05 10:21:30] 🕒 Warte auf Antwort von Hotel-A (max. 1500ms)...
📨 [Hotel-A] received: {"timeBlocks":[59,60],"action":"book","bookingId":"Clara_Hotel-A"}
🔍 [Hotel-A] Zufallswert (Fehlersimulation): 0.23691866745562118
✅ [Hotel-A] Prüfe Verfügbarkeit der Zeitblöcke...
✅ [Hotel-A] Booking successful for: Clara_Hotel-A
[2025-05-05 10:21:30] ✅ Bestätigt von Hotel-A
[2025-05-05 10:21:30] 🔁 [Retry 1/3] für Hotel-C
[2025-05-05 10:21:30] ⏳ Sende Buchungsanfrage an Hotel-C
[2025-05-05 10:21:30] 🕒 Warte auf Antwort von Hotel-C (max. 1500ms)...
📨 [Hotel-C] received: {"timeBlocks":[59,60],"action":"book","bookingId":"Clara_Hotel-C"}
🔍 [Hotel-C] Zufallswert (Fehlersimulation): 0.9601063749457871
✅ [Hotel-C] Prüfe Verfügbarkeit der Zeitblöcke...
✅ [Hotel-C] Booking successful for: Clara_Hotel-C
[2025-05-05 10:21:31] ✅ Bestätigt von Hotel-C
[2025-05-05 10:21:31] 📊 Booking Summary:
[2025-05-05 10:21:31] Total Requests: 11
⬅️  [Clara] Antwort: Buchung erfolgreich für Clara
[2025-05-05 10:21:31] ✅ Successful:   9
[2025-05-05 10:21:31] ❌ Failed:       2
[2025-05-05 10:21:31] Success Rate:   81%
]]></system-out>
  </testcase>
  <testcase name="testInvalidBookingRejected_TwoSameHotels" classname="de.travelbroker.TravelBrokerIntegrationTest" time="0.002">
    <system-out><![CDATA[➡️  [David] Sende Buchung: David:Hotel-A,Hotel-A
[2025-05-05 10:21:31] 📬 Anfrage empfangen: David:Hotel-A,Hotel-A
[2025-05-05 10:21:31] ❌ Ungültige Buchung von David: gleiches Hotel kommt doppelt hintereinander vor.
⬅️  [David] Antwort: ❌ Ungültige Buchung von David: gleiches Hotel kommt doppelt hintereinander vor.
]]></system-out>
  </testcase>
  <testcase name="testValidBookingAccepted" classname="de.travelbroker.TravelBrokerIntegrationTest" time="0.769">
    <system-out><![CDATA[➡️  [Alice] Sende Buchung: Alice:Hotel-A,Hotel-B,Hotel-C
[2025-05-05 10:21:31] 📬 Anfrage empfangen: Alice:Hotel-A,Hotel-B,Hotel-C
[2025-05-05 10:21:31] 🔁 [Retry 1/3] für Hotel-A
[2025-05-05 10:21:31] ⏳ Sende Buchungsanfrage an Hotel-A
[2025-05-05 10:21:31] 🕒 Warte auf Antwort von Hotel-A (max. 1500ms)...
📨 [Hotel-A] received: {"timeBlocks":[50,51],"action":"book","bookingId":"Alice_Hotel-A"}
🔍 [Hotel-A] Zufallswert (Fehlersimulation): 0.6962483827337627
✅ [Hotel-A] Prüfe Verfügbarkeit der Zeitblöcke...
✅ [Hotel-A] Booking successful for: Alice_Hotel-A
[2025-05-05 10:21:31] ✅ Bestätigt von Hotel-A
[2025-05-05 10:21:31] 🔁 [Retry 1/3] für Hotel-B
[2025-05-05 10:21:31] ⏳ Sende Buchungsanfrage an Hotel-B
[2025-05-05 10:21:31] 🕒 Warte auf Antwort von Hotel-B (max. 1500ms)...
📨 [Hotel-B] received: {"timeBlocks":[50,51],"action":"book","bookingId":"Alice_Hotel-B"}
🔍 [Hotel-B] Zufallswert (Fehlersimulation): 0.08863596939687157
⚠️ [Hotel-B] Simulated drop: process without confirmation.
[2025-05-05 10:21:31] ⚠️ Antwort von Hotel-B: dropped – wird ignoriert, retry folgt.
[2025-05-05 10:21:31] 🔁 [Retry 2/3] für Hotel-B
[2025-05-05 10:21:31] ⏳ Sende Buchungsanfrage an Hotel-B
[2025-05-05 10:21:31] 🕒 Warte auf Antwort von Hotel-B (max. 1500ms)...
📨 [Hotel-B] received: {"timeBlocks":[50,51],"action":"book","bookingId":"Alice_Hotel-B"}
🔍 [Hotel-B] Zufallswert (Fehlersimulation): 0.5872206572099263
✅ [Hotel-B] Prüfe Verfügbarkeit der Zeitblöcke...
✅ [Hotel-B] Booking successful for: Alice_Hotel-B
[2025-05-05 10:21:31] ✅ Bestätigt von Hotel-B
[2025-05-05 10:21:31] 🔁 [Retry 1/3] für Hotel-C
[2025-05-05 10:21:31] ⏳ Sende Buchungsanfrage an Hotel-C
[2025-05-05 10:21:31] 🕒 Warte auf Antwort von Hotel-C (max. 1500ms)...
📨 [Hotel-C] received: {"timeBlocks":[50,51],"action":"book","bookingId":"Alice_Hotel-C"}
🔍 [Hotel-C] Zufallswert (Fehlersimulation): 0.5433337873943805
✅ [Hotel-C] Prüfe Verfügbarkeit der Zeitblöcke...
✅ [Hotel-C] Booking successful for: Alice_Hotel-C
[2025-05-05 10:21:31] ✅ Bestätigt von Hotel-C
[2025-05-05 10:21:31] 📊 Booking Summary:
[2025-05-05 10:21:31] Total Requests: 13
[2025-05-05 10:21:31] ✅ Successful:   10
[2025-05-05 10:21:31] ❌ Failed:       3
[2025-05-05 10:21:31] Success Rate:   76%
⬅️  [Alice] Antwort: Buchung erfolgreich für Alice
]]></system-out>
  </testcase>
  <testcase name="testInvalidBookingRejected_DuplicateConsecutiveHotels" classname="de.travelbroker.TravelBrokerIntegrationTest" time="0.006">
    <system-out><![CDATA[➡️  [Bob] Sende Buchung: Bob:Hotel-B,Hotel-B,Hotel-C
[2025-05-05 10:21:31] 📬 Anfrage empfangen: Bob:Hotel-B,Hotel-B,Hotel-C
[2025-05-05 10:21:31] ❌ Ungültige Buchung von Bob: gleiches Hotel kommt doppelt hintereinander vor.
⬅️  [Bob] Antwort: ❌ Ungültige Buchung von Bob: gleiches Hotel kommt doppelt hintereinander vor.
]]></system-out>
  </testcase>
</testsuite>